Analysis & Synthesis report for movimentacao
Thu Sep 19 03:45:02 2024
Quartus Prime Version 20.1.0 Build 711 06/05/2020 SJ Lite Edition


---------------------
; Table of Contents ;
---------------------
  1. Legal Notice
  2. Analysis & Synthesis Summary
  3. Analysis & Synthesis Settings
  4. Parallel Compilation
  5. Analysis & Synthesis Source Files Read
  6. Analysis & Synthesis Resource Usage Summary
  7. Analysis & Synthesis Resource Utilization by Entity
  8. General Register Statistics
  9. Analysis & Synthesis Messages



----------------
; Legal Notice ;
----------------
Copyright (C) 2020  Intel Corporation. All rights reserved.
Your use of Intel Corporation's design tools, logic functions 
and other software and tools, and any partner logic 
functions, and any output files from any of the foregoing 
(including device programming or simulation files), and any 
associated documentation or information are expressly subject 
to the terms and conditions of the Intel Program License 
Subscription Agreement, the Intel Quartus Prime License Agreement,
the Intel FPGA IP License Agreement, or other applicable license
agreement, including, without limitation, that your use is for
the sole purpose of programming logic devices manufactured by
Intel and sold by Intel or its authorized distributors.  Please
refer to the applicable agreement for further details, at
https://fpgasoftware.intel.com/eula.



+---------------------------------------------------------------------------+
; Analysis & Synthesis Summary                                              ;
+-----------------------------+---------------------------------------------+
; Analysis & Synthesis Status ; Successful - Thu Sep 19 03:45:02 2024       ;
; Quartus Prime Version       ; 20.1.0 Build 711 06/05/2020 SJ Lite Edition ;
; Revision Name               ; movimentacao                                ;
; Top-level Entity Name       ; sistema                                     ;
; Family                      ; MAX II                                      ;
; Total logic elements        ; 6                                           ;
; Total pins                  ; 9                                           ;
; Total virtual pins          ; 0                                           ;
; UFM blocks                  ; 0 / 1 ( 0 % )                               ;
+-----------------------------+---------------------------------------------+


+------------------------------------------------------------------------------------------------------------+
; Analysis & Synthesis Settings                                                                              ;
+------------------------------------------------------------------+--------------------+--------------------+
; Option                                                           ; Setting            ; Default Value      ;
+------------------------------------------------------------------+--------------------+--------------------+
; Device                                                           ; EPM240T100C5       ;                    ;
; Top-level entity name                                            ; sistema            ; movimentacao       ;
; Family name                                                      ; MAX II             ; Cyclone V          ;
; Use smart compilation                                            ; Off                ; Off                ;
; Enable parallel Assembler and Timing Analyzer during compilation ; On                 ; On                 ;
; Enable compact report table                                      ; Off                ; Off                ;
; Restructure Multiplexers                                         ; Auto               ; Auto               ;
; Create Debugging Nodes for IP Cores                              ; Off                ; Off                ;
; Preserve fewer node names                                        ; On                 ; On                 ;
; Intel FPGA IP Evaluation Mode                                    ; Enable             ; Enable             ;
; Verilog Version                                                  ; Verilog_2001       ; Verilog_2001       ;
; VHDL Version                                                     ; VHDL_1993          ; VHDL_1993          ;
; State Machine Processing                                         ; Auto               ; Auto               ;
; Safe State Machine                                               ; Off                ; Off                ;
; Extract Verilog State Machines                                   ; On                 ; On                 ;
; Extract VHDL State Machines                                      ; On                 ; On                 ;
; Ignore Verilog initial constructs                                ; Off                ; Off                ;
; Iteration limit for constant Verilog loops                       ; 5000               ; 5000               ;
; Iteration limit for non-constant Verilog loops                   ; 250                ; 250                ;
; Add Pass-Through Logic to Inferred RAMs                          ; On                 ; On                 ;
; Infer RAMs from Raw Logic                                        ; On                 ; On                 ;
; Parallel Synthesis                                               ; On                 ; On                 ;
; NOT Gate Push-Back                                               ; On                 ; On                 ;
; Power-Up Don't Care                                              ; On                 ; On                 ;
; Remove Redundant Logic Cells                                     ; Off                ; Off                ;
; Remove Duplicate Registers                                       ; On                 ; On                 ;
; Ignore CARRY Buffers                                             ; Off                ; Off                ;
; Ignore CASCADE Buffers                                           ; Off                ; Off                ;
; Ignore GLOBAL Buffers                                            ; Off                ; Off                ;
; Ignore ROW GLOBAL Buffers                                        ; Off                ; Off                ;
; Ignore LCELL Buffers                                             ; Off                ; Off                ;
; Ignore SOFT Buffers                                              ; On                 ; On                 ;
; Limit AHDL Integers to 32 Bits                                   ; Off                ; Off                ;
; Optimization Technique                                           ; Balanced           ; Balanced           ;
; Carry Chain Length                                               ; 70                 ; 70                 ;
; Auto Carry Chains                                                ; On                 ; On                 ;
; Auto Open-Drain Pins                                             ; On                 ; On                 ;
; Perform WYSIWYG Primitive Resynthesis                            ; Off                ; Off                ;
; Auto Shift Register Replacement                                  ; Auto               ; Auto               ;
; Allow Shift Register Merging across Hierarchies                  ; Auto               ; Auto               ;
; Auto Clock Enable Replacement                                    ; On                 ; On                 ;
; Allow Synchronous Control Signals                                ; On                 ; On                 ;
; Force Use of Synchronous Clear Signals                           ; Off                ; Off                ;
; Auto Resource Sharing                                            ; Off                ; Off                ;
; Use LogicLock Constraints during Resource Balancing              ; On                 ; On                 ;
; Ignore translate_off and synthesis_off directives                ; Off                ; Off                ;
; Report Parameter Settings                                        ; On                 ; On                 ;
; Report Source Assignments                                        ; On                 ; On                 ;
; Report Connectivity Checks                                       ; On                 ; On                 ;
; Ignore Maximum Fan-Out Assignments                               ; Off                ; Off                ;
; Synchronization Register Chain Length                            ; 2                  ; 2                  ;
; Power Optimization During Synthesis                              ; Normal compilation ; Normal compilation ;
; HDL message level                                                ; Level2             ; Level2             ;
; Suppress Register Optimization Related Messages                  ; Off                ; Off                ;
; Number of Removed Registers Reported in Synthesis Report         ; 5000               ; 5000               ;
; Number of Swept Nodes Reported in Synthesis Report               ; 5000               ; 5000               ;
; Number of Inverted Registers Reported in Synthesis Report        ; 100                ; 100                ;
; Clock MUX Protection                                             ; On                 ; On                 ;
; Block Design Naming                                              ; Auto               ; Auto               ;
; Synthesis Effort                                                 ; Auto               ; Auto               ;
; Shift Register Replacement - Allow Asynchronous Clear Signal     ; On                 ; On                 ;
; Analysis & Synthesis Message Level                               ; Medium             ; Medium             ;
; Disable Register Merging Across Hierarchies                      ; Auto               ; Auto               ;
+------------------------------------------------------------------+--------------------+--------------------+


+------------------------------------------+
; Parallel Compilation                     ;
+----------------------------+-------------+
; Processors                 ; Number      ;
+----------------------------+-------------+
; Number detected on machine ; 8           ;
; Maximum allowed            ; 4           ;
;                            ;             ;
; Average used               ; 1.00        ;
; Maximum used               ; 1           ;
;                            ;             ;
; Usage by Processor         ; % Time Used ;
;     Processor 1            ; 100.0%      ;
+----------------------------+-------------+


+---------------------------------------------------------------------------------------------------------------------------------------------------------+
; Analysis & Synthesis Source Files Read                                                                                                                  ;
+----------------------------------+-----------------+------------------------+-----------------------------------------------------------------+---------+
; File Name with User-Entered Path ; Used in Netlist ; File Type              ; File Name with Absolute Path                                    ; Library ;
+----------------------------------+-----------------+------------------------+-----------------------------------------------------------------+---------+
; movimentacao.v                   ; yes             ; User Verilog HDL File  ; C:/Users/kmbma/OneDrive/햞ea de Trabalho/CD/PBL1/movimentacao.v ;         ;
; sistema.v                        ; yes             ; User Verilog HDL File  ; C:/Users/kmbma/OneDrive/햞ea de Trabalho/CD/PBL1/sistema.v      ;         ;
; condicional.v                    ; yes             ; User Verilog HDL File  ; C:/Users/kmbma/OneDrive/햞ea de Trabalho/CD/PBL1/condicional.v  ;         ;
; ligar.v                          ; yes             ; User Verilog HDL File  ; C:/Users/kmbma/OneDrive/햞ea de Trabalho/CD/PBL1/ligar.v        ;         ;
+----------------------------------+-----------------+------------------------+-----------------------------------------------------------------+---------+


+-----------------------------------------------------+
; Analysis & Synthesis Resource Usage Summary         ;
+---------------------------------------------+-------+
; Resource                                    ; Usage ;
+---------------------------------------------+-------+
; Total logic elements                        ; 6     ;
;     -- Combinational with no register       ; 6     ;
;     -- Register only                        ; 0     ;
;     -- Combinational with a register        ; 0     ;
;                                             ;       ;
; Logic element usage by number of LUT inputs ;       ;
;     -- 4 input functions                    ; 4     ;
;     -- 3 input functions                    ; 1     ;
;     -- 2 input functions                    ; 1     ;
;     -- 1 input functions                    ; 0     ;
;     -- 0 input functions                    ; 0     ;
;                                             ;       ;
; Logic elements by mode                      ;       ;
;     -- normal mode                          ; 6     ;
;     -- arithmetic mode                      ; 0     ;
;     -- qfbk mode                            ; 0     ;
;     -- register cascade mode                ; 0     ;
;     -- synchronous clear/load mode          ; 0     ;
;     -- asynchronous clear/load mode         ; 0     ;
;                                             ;       ;
; Total registers                             ; 0     ;
; I/O pins                                    ; 9     ;
; Maximum fan-out node                        ; LE    ;
; Maximum fan-out                             ; 4     ;
; Total fan-out                               ; 24    ;
; Average fan-out                             ; 1.60  ;
+---------------------------------------------+-------+


+------------------------------------------------------------------------------------------------------------------------------------------------------------------------------------------------------------------------------------------------------------------+
; Analysis & Synthesis Resource Utilization by Entity                                                                                                                                                                                                              ;
+-------------------------------------+-------------+--------------+------------+------+--------------+--------------+-------------------+------------------+-----------------+------------+-----------------------------------------+--------------+--------------+
; Compilation Hierarchy Node          ; Logic Cells ; LC Registers ; UFM Blocks ; Pins ; Virtual Pins ; LUT-Only LCs ; Register-Only LCs ; LUT/Register LCs ; Carry Chain LCs ; Packed LCs ; Full Hierarchy Name                     ; Entity Name  ; Library Name ;
+-------------------------------------+-------------+--------------+------------+------+--------------+--------------+-------------------+------------------+-----------------+------------+-----------------------------------------+--------------+--------------+
; |sistema                            ; 6 (4)       ; 0            ; 0          ; 9    ; 0            ; 6 (4)        ; 0 (0)             ; 0 (0)            ; 0 (0)           ; 0 (0)      ; |sistema                                ; sistema      ; work         ;
;    |movimentacao:movimentacao_inst| ; 2 (2)       ; 0            ; 0          ; 0    ; 0            ; 2 (2)        ; 0 (0)             ; 0 (0)            ; 0 (0)           ; 0 (0)      ; |sistema|movimentacao:movimentacao_inst ; movimentacao ; work         ;
+-------------------------------------+-------------+--------------+------------+------+--------------+--------------+-------------------+------------------+-----------------+------------+-----------------------------------------+--------------+--------------+
Note: For table entries with two numbers listed, the numbers in parentheses indicate the number of resources of the given type used by the specific entity alone. The numbers listed outside of parentheses indicate the total resources of the given type used by the specific entity and all of its sub-entities in the hierarchy.


+------------------------------------------------------+
; General Register Statistics                          ;
+----------------------------------------------+-------+
; Statistic                                    ; Value ;
+----------------------------------------------+-------+
; Total registers                              ; 0     ;
; Number of registers using Synchronous Clear  ; 0     ;
; Number of registers using Synchronous Load   ; 0     ;
; Number of registers using Asynchronous Clear ; 0     ;
; Number of registers using Asynchronous Load  ; 0     ;
; Number of registers using Clock Enable       ; 0     ;
; Number of registers using Preset             ; 0     ;
+----------------------------------------------+-------+


+-------------------------------+
; Analysis & Synthesis Messages ;
+-------------------------------+
Info: *******************************************************************
Info: Running Quartus Prime Analysis & Synthesis
    Info: Version 20.1.0 Build 711 06/05/2020 SJ Lite Edition
    Info: Processing started: Thu Sep 19 03:44:53 2024
Info: Command: quartus_map --read_settings_files=on --write_settings_files=off movimentacao -c movimentacao
Warning (18236): Number of processors has not been specified which may cause overloading on shared machines.  Set the global assignment NUM_PARALLEL_PROCESSORS in your QSF to an appropriate value for best performance.
Info (20030): Parallel compilation is enabled and will use 4 of the 4 processors detected
Info (12021): Found 1 design units, including 1 entities, in source file movimentacao.v
    Info (12023): Found entity 1: movimentacao File: C:/Users/kmbma/OneDrive/햞ea de Trabalho/CD/PBL1/movimentacao.v Line: 1
Info (12021): Found 1 design units, including 1 entities, in source file sistema.v
    Info (12023): Found entity 1: sistema File: C:/Users/kmbma/OneDrive/햞ea de Trabalho/CD/PBL1/sistema.v Line: 1
Info (12021): Found 1 design units, including 1 entities, in source file condicional.v
    Info (12023): Found entity 1: condicional File: C:/Users/kmbma/OneDrive/햞ea de Trabalho/CD/PBL1/condicional.v Line: 1
Info (12021): Found 1 design units, including 1 entities, in source file ligar.v
    Info (12023): Found entity 1: ligar File: C:/Users/kmbma/OneDrive/햞ea de Trabalho/CD/PBL1/ligar.v Line: 1
Warning (10236): Verilog HDL Implicit Net warning at sistema.v(30): created implicit net for "traseiro" File: C:/Users/kmbma/OneDrive/햞ea de Trabalho/CD/PBL1/sistema.v Line: 30
Warning (10236): Verilog HDL Implicit Net warning at sistema.v(31): created implicit net for "esquerda" File: C:/Users/kmbma/OneDrive/햞ea de Trabalho/CD/PBL1/sistema.v Line: 31
Warning (10236): Verilog HDL Implicit Net warning at sistema.v(32): created implicit net for "direita" File: C:/Users/kmbma/OneDrive/햞ea de Trabalho/CD/PBL1/sistema.v Line: 32
Warning (10236): Verilog HDL Implicit Net warning at sistema.v(33): created implicit net for "frontal" File: C:/Users/kmbma/OneDrive/햞ea de Trabalho/CD/PBL1/sistema.v Line: 33
Warning (10236): Verilog HDL Implicit Net warning at sistema.v(39): created implicit net for "not_ERRO" File: C:/Users/kmbma/OneDrive/햞ea de Trabalho/CD/PBL1/sistema.v Line: 39
Warning (10236): Verilog HDL Implicit Net warning at sistema.v(40): created implicit net for "out_func" File: C:/Users/kmbma/OneDrive/햞ea de Trabalho/CD/PBL1/sistema.v Line: 40
Info (12127): Elaborating entity "sistema" for the top level hierarchy
Info (12128): Elaborating entity "ligar" for hierarchy "ligar:ligar_inst" File: C:/Users/kmbma/OneDrive/햞ea de Trabalho/CD/PBL1/sistema.v Line: 17
Info (12128): Elaborating entity "condicional" for hierarchy "condicional:condicional_inst" File: C:/Users/kmbma/OneDrive/햞ea de Trabalho/CD/PBL1/sistema.v Line: 26
Info (12128): Elaborating entity "movimentacao" for hierarchy "movimentacao:movimentacao_inst" File: C:/Users/kmbma/OneDrive/햞ea de Trabalho/CD/PBL1/sistema.v Line: 37
Info (21057): Implemented 15 device resources after synthesis - the final resource count might be different
    Info (21058): Implemented 6 input pins
    Info (21059): Implemented 3 output pins
    Info (21061): Implemented 6 logic cells
Info: Quartus Prime Analysis & Synthesis was successful. 0 errors, 7 warnings
    Info: Peak virtual memory: 4704 megabytes
    Info: Processing ended: Thu Sep 19 03:45:02 2024
    Info: Elapsed time: 00:00:09
    Info: Total CPU time (on all processors): 00:00:10


